<?xml version="1.0" encoding="UTF-8"?>
<!-- Generated by org.testng.reporters.JUnitXMLReporter -->
<testsuite ignored="3" hostname="DESKTOP-F3VJ554" failures="0" tests="3" name="Default test" time="180.095" errors="0" timestamp="2023-03-09T10:42:52 IST">
  <testcase classname="Tests.LoginPageTest" name="verifyLoginWthInvalidCredentials" time="13.51"/>
  <testcase classname="Tests.LoginPageTest" name="verifyLoginWthInvalidCredentials" time="2.071"/>
  <testcase classname="Tests.LoginPageTest" name="verifyLoginWthInvalidCredentials" time="15.82"/>
  <testcase classname="Tests.LoginPageTest" name="verifyLoginWthValidCredentials" time="0.0">
    <ignored/>
  </testcase> <!-- verifyLoginWthValidCredentials -->
  <testcase classname="Tests.LoginPageTest" name="verifyLoginWithValidCredentialsUsingExcel" time="0.0">
    <ignored/>
  </testcase> <!-- verifyLoginWithValidCredentialsUsingExcel -->
  <testcase classname="Tests.LoginPageTest" name="verifyLoginWithInvalidCredentials" time="0.0">
    <ignored/>
  </testcase> <!-- verifyLoginWithInvalidCredentials -->
</testsuite> <!-- Default test -->
