<?xml version="1.0" encoding="UTF-8"?>
<testng-results ignored="0" total="1" passed="1" failed="0" skipped="0">
  <reporter-output>
  </reporter-output>
  <suite started-at="2023-03-02T14:04:25 IST" name="Suite" finished-at="2023-03-02T14:05:28 IST" duration-ms="63095">
    <groups>
    </groups>
    <test started-at="2023-03-02T14:04:25 IST" name="Test" finished-at="2023-03-02T14:05:28 IST" duration-ms="63095">
      <class name="Tests.BuzzTest">
        <test-method is-config="true" signature="setUp()[pri:0, instance:Tests.BuzzTest@3d3e5463]" started-at="2023-03-02T14:04:25 IST" name="setUp" finished-at="2023-03-02T14:05:04 IST" duration-ms="38773" status="PASS">
          <reporter-output>
          </reporter-output>
        </test-method> <!-- setUp -->
        <test-method signature="verifyBuzzPost()[pri:0, instance:Tests.BuzzTest@3d3e5463]" started-at="2023-03-02T14:05:04 IST" name="verifyBuzzPost" finished-at="2023-03-02T14:05:20 IST" duration-ms="15887" status="PASS">
          <reporter-output>
          </reporter-output>
        </test-method> <!-- verifyBuzzPost -->
        <test-method is-config="true" signature="tearDown()[pri:0, instance:Tests.BuzzTest@3d3e5463]" started-at="2023-03-02T14:05:20 IST" name="tearDown" finished-at="2023-03-02T14:05:28 IST" duration-ms="8241" status="PASS">
          <reporter-output>
          </reporter-output>
        </test-method> <!-- tearDown -->
      </class> <!-- Tests.BuzzTest -->
    </test> <!-- Test -->
  </suite> <!-- Suite -->
</testng-results>
